build/app/intermediates/manifest_merge_blame_file/release/manifest-merger-blame-release-report.txt
1<?xml version="1.0" encoding="utf-8"?>
2<manifest xmlns:android="http://schemas.android.com/apk/res/android"
3    package="com.example.happy_birthday_mom"
4    android:versionCode="1"
5    android:versionName="1.0.0" >
6
7    <uses-sdk
8        android:minSdkVersion="21"
8-->src\main\AndroidManifest.xml
9        android:targetSdkVersion="33" />
9-->src\main\AndroidManifest.xml
10
11    <uses-permission android:name="android.permission.ACCESS_FINE_LOCATION" />
11-->src\main\AndroidManifest.xml:2:5-78
11-->src\main\AndroidManifest.xml:2:22-76
12    <uses-permission android:name="android.permission.ACCESS_COARSE_LOCATION" />
12-->src\main\AndroidManifest.xml:3:5-80
12-->src\main\AndroidManifest.xml:3:22-78
13    <uses-permission android:name="android.permission.INTERNET" />
13-->[:firebase_messaging] AndroidManifest.xml:9:5-67
13-->[:firebase_messaging] AndroidManifest.xml:9:22-64
14    <uses-permission android:name="android.permission.WAKE_LOCK" />
14-->[:firebase_messaging] AndroidManifest.xml:10:5-68
14-->[:firebase_messaging] AndroidManifest.xml:10:22-65
15    <uses-permission android:name="android.permission.ACCESS_NETWORK_STATE" /> <!-- Permissions options for the `notification` group -->
15-->[:firebase_messaging] AndroidManifest.xml:11:5-79
15-->[:firebase_messaging] AndroidManifest.xml:11:22-76
16    <uses-permission android:name="android.permission.POST_NOTIFICATIONS" />
16-->[:firebase_messaging] AndroidManifest.xml:13:5-77
16-->[:firebase_messaging] AndroidManifest.xml:13:22-74
17    <uses-permission android:name="android.permission.VIBRATE" /> <!-- Required by older versions of Google Play services to create IID tokens -->
17-->[:flutter_local_notifications] AndroidManifest.xml:9:5-66
17-->[:flutter_local_notifications] AndroidManifest.xml:9:22-63
18    <uses-permission android:name="com.google.android.c2dm.permission.RECEIVE" />
18-->[com.google.firebase:firebase-messaging:23.3.1] AndroidManifest.xml:26:5-82
18-->[com.google.firebase:firebase-messaging:23.3.1] AndroidManifest.xml:26:22-79
19
20    <permission
20-->[androidx.core:core:1.9.0] AndroidManifest.xml:22:5-24:47
21        android:name="com.example.happy_birthday_mom.DYNAMIC_RECEIVER_NOT_EXPORTED_PERMISSION"
21-->[androidx.core:core:1.9.0] AndroidManifest.xml:23:9-81
22        android:protectionLevel="signature" />
22-->[androidx.core:core:1.9.0] AndroidManifest.xml:24:9-44
23
24    <uses-permission android:name="com.example.happy_birthday_mom.DYNAMIC_RECEIVER_NOT_EXPORTED_PERMISSION" />
24-->[androidx.core:core:1.9.0] AndroidManifest.xml:26:5-97
24-->[androidx.core:core:1.9.0] AndroidManifest.xml:26:22-94
25
26    <application
27        android:name="android.app.Application"
27-->src\main\AndroidManifest.xml:6:9-42
28        android:appComponentFactory="androidx.core.app.CoreComponentFactory"
28-->[androidx.core:core:1.9.0] AndroidManifest.xml:28:18-86
29        android:icon="@mipmap/ic_launcher"
29-->src\main\AndroidManifest.xml:7:9-43
30        android:label="happy_birthday_mom" >
30-->src\main\AndroidManifest.xml:5:9-43
31        <activity
31-->src\main\AndroidManifest.xml:8:9-28:20
32            android:name="com.example.happy_birthday_mom.MainActivity"
32-->src\main\AndroidManifest.xml:9:13-41
33            android:configChanges="orientation|keyboardHidden|keyboard|screenSize|smallestScreenSize|locale|layoutDirection|fontScale|screenLayout|density|uiMode"
33-->src\main\AndroidManifest.xml:13:13-163
34            android:exported="true"
34-->src\main\AndroidManifest.xml:10:13-36
35            android:hardwareAccelerated="true"
35-->src\main\AndroidManifest.xml:14:13-47
36            android:launchMode="singleTop"
36-->src\main\AndroidManifest.xml:11:13-43
37            android:theme="@style/LaunchTheme"
37-->src\main\AndroidManifest.xml:12:13-47
38            android:windowSoftInputMode="adjustResize" >
38-->src\main\AndroidManifest.xml:15:13-55
39
40            <!--
41                 Specifies an Android theme to apply to this Activity as soon as
42                 the Android process has started. This theme is visible to the user
43                 while the Flutter UI initializes. After that, this theme continues
44                 to determine the Window background behind the Flutter UI.
45            -->
46            <meta-data
46-->src\main\AndroidManifest.xml:20:13-23:17
47                android:name="io.flutter.embedding.android.NormalTheme"
47-->src\main\AndroidManifest.xml:21:15-70
48                android:resource="@style/NormalTheme" />
48-->src\main\AndroidManifest.xml:22:15-52
49
50            <intent-filter>
50-->src\main\AndroidManifest.xml:24:13-27:29
51                <action android:name="android.intent.action.MAIN" />
51-->src\main\AndroidManifest.xml:25:17-68
51-->src\main\AndroidManifest.xml:25:25-66
52
53                <category android:name="android.intent.category.LAUNCHER" />
53-->src\main\AndroidManifest.xml:26:17-76
53-->src\main\AndroidManifest.xml:26:27-74
54            </intent-filter>
55        </activity>
56        <!--
57             Don't delete the meta-data below.
58             This is used by the Flutter tool to generate GeneratedPluginRegistrant.java
59        -->
60        <meta-data
60-->src\main\AndroidManifest.xml:31:9-33:33
61            android:name="flutterEmbedding"
61-->src\main\AndroidManifest.xml:32:13-44
62            android:value="2" />
62-->src\main\AndroidManifest.xml:33:13-30
63
64        <service
64-->[:firebase_messaging] AndroidManifest.xml:16:9-19:72
65            android:name="io.flutter.plugins.firebase.messaging.FlutterFirebaseMessagingBackgroundService"
65-->[:firebase_messaging] AndroidManifest.xml:17:13-107
66            android:exported="false"
66-->[:firebase_messaging] AndroidManifest.xml:18:13-37
67            android:permission="android.permission.BIND_JOB_SERVICE" />
67-->[:firebase_messaging] AndroidManifest.xml:19:13-69
68        <service
68-->[:firebase_messaging] AndroidManifest.xml:20:9-26:19
69            android:name="io.flutter.plugins.firebase.messaging.FlutterFirebaseMessagingService"
69-->[:firebase_messaging] AndroidManifest.xml:21:13-97
70            android:exported="false" >
70-->[:firebase_messaging] AndroidManifest.xml:22:13-37
71            <intent-filter>
71-->[:firebase_messaging] AndroidManifest.xml:23:13-25:29
72                <action android:name="com.google.firebase.MESSAGING_EVENT" />
72-->[:firebase_messaging] AndroidManifest.xml:24:17-78
72-->[:firebase_messaging] AndroidManifest.xml:24:25-75
73            </intent-filter>
74        </service>
75
76        <receiver
76-->[:firebase_messaging] AndroidManifest.xml:28:9-35:20
77            android:name="io.flutter.plugins.firebase.messaging.FlutterFirebaseMessagingReceiver"
77-->[:firebase_messaging] AndroidManifest.xml:29:13-98
78            android:exported="true"
78-->[:firebase_messaging] AndroidManifest.xml:30:13-36
79            android:permission="com.google.android.c2dm.permission.SEND" >
79-->[:firebase_messaging] AndroidManifest.xml:31:13-73
80            <intent-filter>
80-->[:firebase_messaging] AndroidManifest.xml:32:13-34:29
81                <action android:name="com.google.android.c2dm.intent.RECEIVE" />
81-->[:firebase_messaging] AndroidManifest.xml:33:17-81
81-->[:firebase_messaging] AndroidManifest.xml:33:25-78
82            </intent-filter>
83        </receiver>
84
85        <service
85-->[:firebase_messaging] AndroidManifest.xml:37:9-41:19
86            android:name="com.google.firebase.components.ComponentDiscoveryService"
86-->[:firebase_messaging] AndroidManifest.xml:37:18-89
87            android:directBootAware="true"
87-->[com.google.firebase:firebase-common:20.4.2] AndroidManifest.xml:32:13-43
88            android:exported="false" >
88-->[com.google.firebase:firebase-messaging:23.3.1] AndroidManifest.xml:56:13-37
89            <meta-data
89-->[:firebase_messaging] AndroidManifest.xml:38:13-40:85
90                android:name="com.google.firebase.components:io.flutter.plugins.firebase.messaging.FlutterFirebaseAppRegistrar"
90-->[:firebase_messaging] AndroidManifest.xml:39:17-128
91                android:value="com.google.firebase.components.ComponentRegistrar" />
91-->[:firebase_messaging] AndroidManifest.xml:40:17-82
92            <meta-data
92-->[:firebase_core] AndroidManifest.xml:11:13-13:85
93                android:name="com.google.firebase.components:io.flutter.plugins.firebase.core.FlutterFirebaseCoreRegistrar"
93-->[:firebase_core] AndroidManifest.xml:12:17-124
94                android:value="com.google.firebase.components.ComponentRegistrar" />
94-->[:firebase_core] AndroidManifest.xml:13:17-82
95            <meta-data
95-->[com.google.firebase:firebase-messaging:23.3.1] AndroidManifest.xml:57:13-59:85
96                android:name="com.google.firebase.components:com.google.firebase.messaging.FirebaseMessagingKtxRegistrar"
96-->[com.google.firebase:firebase-messaging:23.3.1] AndroidManifest.xml:58:17-122
97                android:value="com.google.firebase.components.ComponentRegistrar" />
97-->[com.google.firebase:firebase-messaging:23.3.1] AndroidManifest.xml:59:17-82
98            <meta-data
98-->[com.google.firebase:firebase-messaging:23.3.1] AndroidManifest.xml:60:13-62:85
99                android:name="com.google.firebase.components:com.google.firebase.messaging.FirebaseMessagingRegistrar"
99-->[com.google.firebase:firebase-messaging:23.3.1] AndroidManifest.xml:61:17-119
100                android:value="com.google.firebase.components.ComponentRegistrar" />
100-->[com.google.firebase:firebase-messaging:23.3.1] AndroidManifest.xml:62:17-82
101            <meta-data
101-->[com.google.firebase:firebase-iid:21.1.0] AndroidManifest.xml:32:13-34:85
102                android:name="com.google.firebase.components:com.google.firebase.iid.Registrar"
102-->[com.google.firebase:firebase-iid:21.1.0] AndroidManifest.xml:33:17-96
103                android:value="com.google.firebase.components.ComponentRegistrar" />
103-->[com.google.firebase:firebase-iid:21.1.0] AndroidManifest.xml:34:17-82
104            <meta-data
104-->[com.google.firebase:firebase-installations:17.2.0] AndroidManifest.xml:15:13-17:85
105                android:name="com.google.firebase.components:com.google.firebase.installations.FirebaseInstallationsKtxRegistrar"
105-->[com.google.firebase:firebase-installations:17.2.0] AndroidManifest.xml:16:17-130
106                android:value="com.google.firebase.components.ComponentRegistrar" />
106-->[com.google.firebase:firebase-installations:17.2.0] AndroidManifest.xml:17:17-82
107            <meta-data
107-->[com.google.firebase:firebase-installations:17.2.0] AndroidManifest.xml:18:13-20:85
108                android:name="com.google.firebase.components:com.google.firebase.installations.FirebaseInstallationsRegistrar"
108-->[com.google.firebase:firebase-installations:17.2.0] AndroidManifest.xml:19:17-127
109                android:value="com.google.firebase.components.ComponentRegistrar" />
109-->[com.google.firebase:firebase-installations:17.2.0] AndroidManifest.xml:20:17-82
110            <meta-data
110-->[com.google.firebase:firebase-common-ktx:20.4.2] AndroidManifest.xml:12:13-14:85
111                android:name="com.google.firebase.components:com.google.firebase.ktx.FirebaseCommonLegacyRegistrar"
111-->[com.google.firebase:firebase-common-ktx:20.4.2] AndroidManifest.xml:13:17-116
112                android:value="com.google.firebase.components.ComponentRegistrar" />
112-->[com.google.firebase:firebase-common-ktx:20.4.2] AndroidManifest.xml:14:17-82
113            <meta-data
113-->[com.google.firebase:firebase-common:20.4.2] AndroidManifest.xml:35:13-37:85
114                android:name="com.google.firebase.components:com.google.firebase.FirebaseCommonKtxRegistrar"
114-->[com.google.firebase:firebase-common:20.4.2] AndroidManifest.xml:36:17-109
115                android:value="com.google.firebase.components.ComponentRegistrar" />
115-->[com.google.firebase:firebase-common:20.4.2] AndroidManifest.xml:37:17-82
116            <meta-data
116-->[com.google.firebase:firebase-datatransport:18.1.7] AndroidManifest.xml:27:13-29:85
117                android:name="com.google.firebase.components:com.google.firebase.datatransport.TransportRegistrar"
117-->[com.google.firebase:firebase-datatransport:18.1.7] AndroidManifest.xml:28:17-115
118                android:value="com.google.firebase.components.ComponentRegistrar" />
118-->[com.google.firebase:firebase-datatransport:18.1.7] AndroidManifest.xml:29:17-82
119        </service>
120
121        <provider
121-->[:firebase_messaging] AndroidManifest.xml:43:9-47:38
122            android:name="io.flutter.plugins.firebase.messaging.FlutterFirebaseMessagingInitProvider"
122-->[:firebase_messaging] AndroidManifest.xml:44:13-102
123            android:authorities="com.example.happy_birthday_mom.flutterfirebasemessaginginitprovider"
123-->[:firebase_messaging] AndroidManifest.xml:45:13-88
124            android:exported="false"
124-->[:firebase_messaging] AndroidManifest.xml:46:13-37
125            android:initOrder="99" />
125-->[:firebase_messaging] AndroidManifest.xml:47:13-35
126
127        <service
127-->[:geolocator_android] AndroidManifest.xml:10:9-14:56
128            android:name="com.baseflow.geolocator.GeolocatorLocationService"
128-->[:geolocator_android] AndroidManifest.xml:11:13-77
129            android:enabled="true"
129-->[:geolocator_android] AndroidManifest.xml:12:13-35
130            android:exported="false"
130-->[:geolocator_android] AndroidManifest.xml:13:13-37
131            android:foregroundServiceType="location" />
131-->[:geolocator_android] AndroidManifest.xml:14:13-53
132
133        <receiver
133-->[com.google.firebase:firebase-messaging:23.3.1] AndroidManifest.xml:29:9-40:20
134            android:name="com.google.firebase.iid.FirebaseInstanceIdReceiver"
134-->[com.google.firebase:firebase-messaging:23.3.1] AndroidManifest.xml:30:13-78
135            android:exported="true"
135-->[com.google.firebase:firebase-messaging:23.3.1] AndroidManifest.xml:31:13-36
136            android:permission="com.google.android.c2dm.permission.SEND" >
136-->[com.google.firebase:firebase-messaging:23.3.1] AndroidManifest.xml:32:13-73
137            <intent-filter>
137-->[:firebase_messaging] AndroidManifest.xml:32:13-34:29
138                <action android:name="com.google.android.c2dm.intent.RECEIVE" />
138-->[:firebase_messaging] AndroidManifest.xml:33:17-81
138-->[:firebase_messaging] AndroidManifest.xml:33:25-78
139            </intent-filter>
140
141            <meta-data
141-->[com.google.firebase:firebase-messaging:23.3.1] AndroidManifest.xml:37:13-39:40
142                android:name="com.google.android.gms.cloudmessaging.FINISHED_AFTER_HANDLED"
142-->[com.google.firebase:firebase-messaging:23.3.1] AndroidManifest.xml:38:17-92
143                android:value="true" />
143-->[com.google.firebase:firebase-messaging:23.3.1] AndroidManifest.xml:39:17-37
144        </receiver>
145        <!--
146             FirebaseMessagingService performs security checks at runtime,
147             but set to not exported to explicitly avoid allowing another app to call it.
148        -->
149        <service
149-->[com.google.firebase:firebase-messaging:23.3.1] AndroidManifest.xml:46:9-53:19
150            android:name="com.google.firebase.messaging.FirebaseMessagingService"
150-->[com.google.firebase:firebase-messaging:23.3.1] AndroidManifest.xml:47:13-82
151            android:directBootAware="true"
151-->[com.google.firebase:firebase-messaging:23.3.1] AndroidManifest.xml:48:13-43
152            android:exported="false" >
152-->[com.google.firebase:firebase-messaging:23.3.1] AndroidManifest.xml:49:13-37
153            <intent-filter android:priority="-500" >
153-->[:firebase_messaging] AndroidManifest.xml:23:13-25:29
154                <action android:name="com.google.firebase.MESSAGING_EVENT" />
154-->[:firebase_messaging] AndroidManifest.xml:24:17-78
154-->[:firebase_messaging] AndroidManifest.xml:24:25-75
155            </intent-filter>
156        </service>
157
158        <provider
158-->[com.google.firebase:firebase-common:20.4.2] AndroidManifest.xml:23:9-28:39
159            android:name="com.google.firebase.provider.FirebaseInitProvider"
159-->[com.google.firebase:firebase-common:20.4.2] AndroidManifest.xml:24:13-77
160            android:authorities="com.example.happy_birthday_mom.firebaseinitprovider"
160-->[com.google.firebase:firebase-common:20.4.2] AndroidManifest.xml:25:13-72
161            android:directBootAware="true"
161-->[com.google.firebase:firebase-common:20.4.2] AndroidManifest.xml:26:13-43
162            android:exported="false"
162-->[com.google.firebase:firebase-common:20.4.2] AndroidManifest.xml:27:13-37
163            android:initOrder="100" />
163-->[com.google.firebase:firebase-common:20.4.2] AndroidManifest.xml:28:13-36
164
165        <uses-library
165-->[androidx.window:window:1.0.0-beta04] AndroidManifest.xml:25:9-27:40
166            android:name="androidx.window.extensions"
166-->[androidx.window:window:1.0.0-beta04] AndroidManifest.xml:26:13-54
167            android:required="false" />
167-->[androidx.window:window:1.0.0-beta04] AndroidManifest.xml:27:13-37
168        <uses-library
168-->[androidx.window:window:1.0.0-beta04] AndroidManifest.xml:28:9-30:40
169            android:name="androidx.window.sidecar"
169-->[androidx.window:window:1.0.0-beta04] AndroidManifest.xml:29:13-51
170            android:required="false" />
170-->[androidx.window:window:1.0.0-beta04] AndroidManifest.xml:30:13-37
171
172        <activity
172-->[com.google.android.gms:play-services-base:18.1.0] AndroidManifest.xml:20:9-22:45
173            android:name="com.google.android.gms.common.api.GoogleApiActivity"
173-->[com.google.android.gms:play-services-base:18.1.0] AndroidManifest.xml:20:19-85
174            android:exported="false"
174-->[com.google.android.gms:play-services-base:18.1.0] AndroidManifest.xml:22:19-43
175            android:theme="@android:style/Theme.Translucent.NoTitleBar" />
175-->[com.google.android.gms:play-services-base:18.1.0] AndroidManifest.xml:21:19-78
176
177        <meta-data
177-->[com.google.android.gms:play-services-basement:18.1.0] AndroidManifest.xml:21:9-23:69
178            android:name="com.google.android.gms.version"
178-->[com.google.android.gms:play-services-basement:18.1.0] AndroidManifest.xml:22:13-58
179            android:value="@integer/google_play_services_version" />
179-->[com.google.android.gms:play-services-basement:18.1.0] AndroidManifest.xml:23:13-66
180
181        <service
181-->[com.google.android.datatransport:transport-backend-cct:3.1.8] AndroidManifest.xml:28:9-34:19
182            android:name="com.google.android.datatransport.runtime.backends.TransportBackendDiscovery"
182-->[com.google.android.datatransport:transport-backend-cct:3.1.8] AndroidManifest.xml:29:13-103
183            android:exported="false" >
183-->[com.google.android.datatransport:transport-backend-cct:3.1.8] AndroidManifest.xml:30:13-37
184            <meta-data
184-->[com.google.android.datatransport:transport-backend-cct:3.1.8] AndroidManifest.xml:31:13-33:39
185                android:name="backend:com.google.android.datatransport.cct.CctBackendFactory"
185-->[com.google.android.datatransport:transport-backend-cct:3.1.8] AndroidManifest.xml:32:17-94
186                android:value="cct" />
186-->[com.google.android.datatransport:transport-backend-cct:3.1.8] AndroidManifest.xml:33:17-36
187        </service>
188        <service
188-->[com.google.android.datatransport:transport-runtime:3.1.8] AndroidManifest.xml:26:9-30:19
189            android:name="com.google.android.datatransport.runtime.scheduling.jobscheduling.JobInfoSchedulerService"
189-->[com.google.android.datatransport:transport-runtime:3.1.8] AndroidManifest.xml:27:13-117
190            android:exported="false"
190-->[com.google.android.datatransport:transport-runtime:3.1.8] AndroidManifest.xml:28:13-37
191            android:permission="android.permission.BIND_JOB_SERVICE" >
191-->[com.google.android.datatransport:transport-runtime:3.1.8] AndroidManifest.xml:29:13-69
192        </service>
193
194        <receiver
194-->[com.google.android.datatransport:transport-runtime:3.1.8] AndroidManifest.xml:32:9-34:40
195            android:name="com.google.android.datatransport.runtime.scheduling.jobscheduling.AlarmManagerSchedulerBroadcastReceiver"
195-->[com.google.android.datatransport:transport-runtime:3.1.8] AndroidManifest.xml:33:13-132
196            android:exported="false" />
196-->[com.google.android.datatransport:transport-runtime:3.1.8] AndroidManifest.xml:34:13-37
197    </application>
198
199</manifest>